e:\obs-master\libfaac\release\libfaac.pdb
e:\obs-master\libfaac\release\util.obj
e:\obs-master\libfaac\release\tns.obj
e:\obs-master\libfaac\release\psychkni.obj
e:\obs-master\libfaac\release\midside.obj
e:\obs-master\libfaac\release\ltp.obj
e:\obs-master\libfaac\release\huffman.obj
e:\obs-master\libfaac\release\frame.obj
e:\obs-master\libfaac\release\filtbank.obj
e:\obs-master\libfaac\release\fft.obj
e:\obs-master\libfaac\release\channels.obj
e:\obs-master\libfaac\release\bitstream.obj
e:\obs-master\libfaac\release\backpred.obj
e:\obs-master\libfaac\release\aacquant.obj
e:\obs-master\libfaac\release\libfaac.lib
e:\obs-master\libfaac\.\release\libfaac.lib
e:\obs-master\libfaac\release\libfaac.tlog\cl.command.1.tlog
e:\obs-master\libfaac\release\libfaac.tlog\cl.read.1.tlog
e:\obs-master\libfaac\release\libfaac.tlog\cl.write.1.tlog
e:\obs-master\libfaac\release\libfaac.tlog\lib-link.read.1.tlog
e:\obs-master\libfaac\release\libfaac.tlog\lib-link.write.1.tlog
e:\obs-master\libfaac\release\libfaac.tlog\lib.command.1.tlog
